-------------------------------------------------------------------------------
Test set: com.emr.DemoApplicationTests
-------------------------------------------------------------------------------
Tests run: 1, Failures: 0, Errors: 1, Skipped: 0, Time elapsed: 3.985 s <<< FAILURE! - in com.emr.DemoApplicationTests
contextLoads  Time elapsed: 0.029 s  <<< ERROR!
java.lang.IllegalStateException: Failed to load ApplicationContext
Caused by: org.springframework.beans.factory.UnsatisfiedDependencyException: Error creating bean with name 'countryController': Unsatisfied dependency expressed through field 'countryRepository'; nested exception is org.springframework.beans.factory.BeanCreationException: Error creating bean with name 'countryRepository' defined in com.emr.repository.CountryRepository defined in @EnableJpaRepositories declared on JpaRepositoriesRegistrar.EnableJpaRepositoriesConfiguration: Invocation of init method failed; nested exception is org.springframework.data.repository.query.QueryCreationException: Could not create query for public abstract com.emr.model.Country com.emr.repository.CountryRepository.updatecountry(java.lang.Integer,com.emr.dto.CountryRequest); Reason: Failed to create query for method public abstract com.emr.model.Country com.emr.repository.CountryRepository.updatecountry(java.lang.Integer,com.emr.dto.CountryRequest)! No property 'updatecountry' found for type 'Country'; nested exception is java.lang.IllegalArgumentException: Failed to create query for method public abstract com.emr.model.Country com.emr.repository.CountryRepository.updatecountry(java.lang.Integer,com.emr.dto.CountryRequest)! No property 'updatecountry' found for type 'Country'
Caused by: org.springframework.beans.factory.BeanCreationException: Error creating bean with name 'countryRepository' defined in com.emr.repository.CountryRepository defined in @EnableJpaRepositories declared on JpaRepositoriesRegistrar.EnableJpaRepositoriesConfiguration: Invocation of init method failed; nested exception is org.springframework.data.repository.query.QueryCreationException: Could not create query for public abstract com.emr.model.Country com.emr.repository.CountryRepository.updatecountry(java.lang.Integer,com.emr.dto.CountryRequest); Reason: Failed to create query for method public abstract com.emr.model.Country com.emr.repository.CountryRepository.updatecountry(java.lang.Integer,com.emr.dto.CountryRequest)! No property 'updatecountry' found for type 'Country'; nested exception is java.lang.IllegalArgumentException: Failed to create query for method public abstract com.emr.model.Country com.emr.repository.CountryRepository.updatecountry(java.lang.Integer,com.emr.dto.CountryRequest)! No property 'updatecountry' found for type 'Country'
Caused by: org.springframework.data.repository.query.QueryCreationException: Could not create query for public abstract com.emr.model.Country com.emr.repository.CountryRepository.updatecountry(java.lang.Integer,com.emr.dto.CountryRequest); Reason: Failed to create query for method public abstract com.emr.model.Country com.emr.repository.CountryRepository.updatecountry(java.lang.Integer,com.emr.dto.CountryRequest)! No property 'updatecountry' found for type 'Country'; nested exception is java.lang.IllegalArgumentException: Failed to create query for method public abstract com.emr.model.Country com.emr.repository.CountryRepository.updatecountry(java.lang.Integer,com.emr.dto.CountryRequest)! No property 'updatecountry' found for type 'Country'
Caused by: java.lang.IllegalArgumentException: Failed to create query for method public abstract com.emr.model.Country com.emr.repository.CountryRepository.updatecountry(java.lang.Integer,com.emr.dto.CountryRequest)! No property 'updatecountry' found for type 'Country'
Caused by: org.springframework.data.mapping.PropertyReferenceException: No property 'updatecountry' found for type 'Country'

